DataFrame shape: (1365, 2434)
Computing RDKit 3D features and docking scores ...
Chunk number: 0
Time taken (s): 173.38992881774902
Chunk number: 1
Time taken (s): 147.67940759658813
Chunk number: 2
Time taken (s): 425.14275908470154
Chunk number: 3
Time taken (s): 2386.9417519569397
Chunk number: 4
Docking failed for CC(O)COC[C@H]1O[C@@H]2O[C@H]3[C@H](O)[C@@H](O)[C@@H](O[C@H]4[C@H](O)[C@@H](O)[C@@H](O[C@H]5[C@H](O)[C@@H](O)[C@@H](O[C@H]6[C@H](O)[C@@H](O)[C@@H](O[C@H]7[C@H](O)[C@@H](O)[C@@H](O[C@H]8[C@H](O)[C@@H](O)[C@@H](O[C@H]1[C@H](O)[C@H]2O)O[C@@H]8COCC(C)O)O[C@@H]7COCC(C)O)O[C@@H]6COCC(C)O)O[C@@H]5COCC(C)O)O[C@@H]4COCC(C)O)O[C@@H]3COCC(C)O
Time taken (s): 689.2833623886108
Chunk number: 5
Time taken (s): 555.39089012146
Chunk number: 6
Time taken (s): 125.27983593940735
Chunk number: 7
Time taken (s): 177.42388224601746
Chunk number: 8
Time taken (s): 65.22087669372559
Chunk number: 9
Time taken (s): 78.98020148277283
Chunk number: 10
Time taken (s): 325.5091242790222
Chunk number: 11
Time taken (s): 97.71750736236572
Chunk number: 12
Time taken (s): 119.86608147621155
Chunk number: 13
Time taken (s): 1504.1070222854614
Chunk number: 14
Time taken (s): 527.6618254184723
Chunk number: 15
Time taken (s): 118.77973699569702
Chunk number: 16
Time taken (s): 266.99775290489197
Chunk number: 17
Time taken (s): 107.5362823009491
Chunk number: 18
Time taken (s): 113.8642098903656
Chunk number: 19
Time taken (s): 145.38937950134277
Chunk number: 20
Time taken (s): 128.21096873283386
Chunk number: 21
Docking failed for OC[C@H]1O[C@@H]2O[C@H]3[C@H](O)[C@@H](O)[C@@H](O[C@H]4[C@H](O)[C@@H](O)[C@@H](O[C@H]5[C@H](O)[C@@H](O)[C@@H](O[C@H]6[C@H](O)[C@@H](O)[C@@H](O[C@H]7[C@H](O)[C@@H](O)[C@@H](O[C@H]8[C@H](O)[C@@H](O)[C@@H](O[C@H]1[C@H](O)[C@H]2O)O[C@@H]8CO)O[C@@H]7CO)O[C@@H]6CO)O[C@@H]5CO)O[C@@H]4CO)O[C@@H]3CO
Time taken (s): 249.99912333488464
Chunk number: 22
Time taken (s): 136.63232707977295
Chunk number: 23
Docking failed for CC[C@H](C)[C@H](N)C1=N[C@H](C(=O)N[C@@H](CC(C)C)C(=O)N[C@H](CCC(=O)O)C(=O)N[C@H](C(=O)N[C@H]2CCCCNC(=O)[C@H](CC(N)=O)NC(=O)[C@@H](CC(=O)O)NC(=O)[C@H](Cc3cnc[nH]3)NC(=O)[C@@H](Cc3ccccc3)NC(=O)[C@H]([C@@H](C)CC)NC(=O)[C@@H](CCCN)NC2=O)[C@@H](C)CC)CS1
Time taken (s): 175.60586261749268
Chunk number: 24
Docking failed for CCOc1nc2cccc(C(=O)O)c2n1Cc1ccc(-c2ccccc2-c2nnn[nH]2)cc1
Time taken (s): 231.13897514343262
Chunk number: 25
Time taken (s): 621.5146586894989
Chunk number: 26
Time taken (s): 148.95648789405823
Chunk number: 27
Time taken (s): 196.33013677597046
Chunk number: 28
Time taken (s): 1534.8381035327911
Chunk number: 29
Docking failed for C=C(C)C1(O)OC(=O)C=C1OC
Time taken (s): 607.2168638706207
Chunk number: 30
Time taken (s): 372.7480447292328
Chunk number: 31
Docking failed for CC[C@H]1[C@@H]2C[C@H]3[C@@H]4N(C)c5ccccc5[C@]45C[C@@H]([C@@H]2[C@H]5O)N3[C@@H]1O
Time taken (s): 260.9414587020874
Chunk number: 32
Docking failed for Cc1ncc([N+](=O)[O-])n1CC(C)O
Docking failed for CC[C@H](C)[C@@H]1NC(=O)[C@H](NC(=O)[C@@H](N)CCCNC(=N)N)CSSC[C@H](C(=O)N[C@@H](CCCNC(=N)N)C(=O)N[C@@H](CC(C)C)C(=O)N[C@@H](CC(C)C)C(=O)N[C@@H](CCC(N)=O)C(N)=O)NC(=O)[C@H](CC(C)C)NC1=O
Time taken (s): 177.83358883857727
Chunk number: 33
Time taken (s): 137.30929160118103
Chunk number: 34
Time taken (s): 122.72342085838318
Chunk number: 35
Docking failed for C[C@@H](O)[C@H](CO)NC(=O)[C@@H]1CSSC[C@H](NC(=O)[C@H](N)Cc2ccccc2)C(=O)N[C@@H](Cc2ccccc2)C(=O)N[C@H](Cc2c[nH]c3ccccc23)C(=O)N[C@@H](CCCCN)C(=O)N[C@@H]([C@@H](C)O)C(=O)N1
Time taken (s): 150.40158581733704
Chunk number: 36
Time taken (s): 93.6076889038086
Chunk number: 37
Docking failed for NC(=O)CN1CCCC1=O
Time taken (s): 202.17733502388
Chunk number: 38
Time taken (s): 105.52648591995239
Chunk number: 39
Time taken (s): 553.8673079013824
Chunk number: 40
Docking failed for CC(C)(S)[C@@H](N)C(=O)O
Time taken (s): 249.18059277534485
Chunk number: 41
Time taken (s): 102.59739351272583
Chunk number: 42
Docking failed for C/C=C1\[C@H]2C=C(C)C[C@@]1(N)c1ccc(=O)[nH]c1C2
Time taken (s): 79.6087110042572
Chunk number: 43
Time taken (s): 150.22707104682922
Chunk number: 44
Time taken (s): 395.6593244075775
Chunk number: 45
Time taken (s): 188.85216188430786
Chunk number: 46
Time taken (s): 98.3063416481018
Chunk number: 47
Docking failed for C[N+]1(C)[C@H]2C[C@H](OC(=O)[C@H](CO)c3ccccc3)C[C@H]1[C@H]1O[C@H]12
Time taken (s): 217.44454216957092
Chunk number: 48
Time taken (s): 487.72189688682556
Chunk number: 49
Docking failed for CCCCC1=NC2(CCCC2)C(=O)N1Cc1ccc(-c2ccccc2-c2nnn[nH]2)cc1
Time taken (s): 170.14530229568481
Chunk number: 50
Time taken (s): 108.13585114479065
Chunk number: 51
Time taken (s): 134.0525119304657
Chunk number: 52
Docking failed for CC(=N)S
Docking failed for COC1=CC(=O)C[C@@H](C)[C@]12Oc1c(Cl)c(OC)cc(OC)c1C2=O
Time taken (s): 83.88801431655884
Chunk number: 53
Time taken (s): 235.59876608848572
Chunk number: 54
Time taken (s): 145.5366494655609
Chunk number: 55
Time taken (s): 122.46114826202393
Chunk number: 56
Time taken (s): 366.83318614959717
Chunk number: 57
Time taken (s): 236.95131754875183
Chunk number: 58
Docking failed for CC[C@H](C)[C@H](NC(=O)[C@H](CCCCN)NC(=O)[C@H](Cc1c[nH]cn1)NC(=O)[C@H](CCCNC(=N)N)NC(=O)[C@H](CCC(=O)O)NC(=O)[C@@H](NC(=O)[C@@H](N)CC(C)C)[C@@H](C)O)C(=O)N[C@@H](CC(C)C)C(=O)N[C@@H](Cc1c[nH]cn1)C(=O)N[C@@H](CCCNC(=N)N)C(=O)N[C@@H](CC(C)C)C(=O)N[C@@H](CC(C)C)C(=O)N[C@@H](CCC(N)=O)C(=O)N[C@@H](CCC(=O)O)C(=O)NCC(=O)N[C@@H](CO)C(=O)N1CCC[C@H]1C(=O)N[C@@H](CO)C(=O)N[C@@H](CC(=O)O)C(=O)O
Time taken (s): 130.30010867118835
Chunk number: 59
Time taken (s): 156.48979878425598
Chunk number: 60
Time taken (s): 169.58935642242432
Chunk number: 61
Docking failed for CC[C@H](C)[C@@H]1NC(=O)[C@H](NC(=O)[C@@H](N)CCCNC(=N)N)CSSC[C@H](C(=O)N[C@@H](CCCNC(=N)N)C(=O)N[C@@H](CC(C)(C)C)C(=O)N[C@@H](CC(C)C)C(=O)N[C@@H](CCC(N)=O)C(N)=O)NC(=O)[C@H](CC(C)C)NC1=O
Time taken (s): 139.5301251411438
Chunk number: 62
Time taken (s): 170.50626230239868
Chunk number: 63
Time taken (s): 677.4142575263977
Chunk number: 64
Docking failed for O=C(O)CNCP(=O)(O)O
Time taken (s): 111.70355415344238
Chunk number: 65
Time taken (s): 88.27230310440063
Chunk number: 66
Time taken (s): 100.10050225257874
Chunk number: 67
Docking failed for O=C(OC[C@H]1O[C@@H](OC(=O)c2cc(O)c(O)c(OC(=O)c3cc(O)c(O)c(O)c3)c2)[C@H](OC(=O)c2cc(O)c(O)c(OC(=O)c3cc(O)c(O)c(O)c3)c2)[C@@H](OC(=O)c2cc(O)c(O)c(OC(=O)c3cc(O)c(O)c(O)c3)c2)[C@@H]1OC(=O)c1cc(O)c(O)c(OC(=O)c2cc(O)c(O)c(O)c2)c1)c1cc(O)c(O)c(OC(=O)c2cc(O)c(O)c(O)c2)c1
Time taken (s): 160.0053505897522
Chunk number: 68
Time taken (s): 165.92231607437134
Chunk number: 69
Time taken (s): 110.38744807243347
Chunk number: 70
Docking failed for C#C[C@]1(O)CC[C@H]2[C@@H]3CCC4=CC(=O)CCC4=C3[C@@H](c3ccc(N(C)CCOC4CC[C@@]5(C)[C@@H](C4)C[C@@H](O)[C@@H]4[C@@H]5C[C@H](O)[C@]5(C)[C@@H]([C@H](C)CCC(=O)NCCS(=O)(=O)O)CC[C@@H]45)cc3)C[C@@]21C
Time taken (s): 501.38578629493713
Chunk number: 71
Docking failed for CCCCC(=O)N(Cc1ccc(-c2ccccc2-c2nnn[nH]2)cc1)[C@H](C(=O)O)C(C)C
Time taken (s): 557.6402628421783
Chunk number: 72
Time taken (s): 146.49863147735596
Chunk number: 73
Time taken (s): 117.98881769180298
Chunk number: 74
Time taken (s): 128.8927879333496
Chunk number: 75
Docking failed for O=S(=O)(Oc1ccccc1)[C@H]1C[C@@H]2O[C@@H]1C(c1ccc(O)cc1)=C2c1ccc(O)cc1
Time taken (s): 701.4954941272736
Chunk number: 76
Docking failed for C[C@@H]1CC[C@H]2[C@@H](C)C(=O)O[C@@H]3O[C@]4(C)CC[C@@H]1[C@]32OO4
Docking failed for Cc1c(N)nc([C@H](CC(N)=O)NC[C@H](N)C(N)=O)nc1C(=O)N[C@H](C(=O)N[C@H](C)[C@@H](O)[C@H](C)C(=O)N[C@H](C(=O)NCCc1nc(-c2nc(C(=O)NCCC[S+](C)C)cs2)cs1)[C@@H](C)O)[C@@H](O[C@@H]1O[C@@H](CO)[C@@H](O)[C@H](O)[C@@H]1O[C@H]1O[C@H](CO)[C@@H](O)[C@H](OC(N)=O)[C@@H]1O)c1c[nH]cn1
Time taken (s): 163.1283369064331
Chunk number: 77
Docking failed for CCOC(=O)OC(C)OC1=C(C(=O)Nc2ccccn2)N(C)S(=O)(=O)c2ccccc21
Time taken (s): 105.1582944393158
Chunk number: 78
Docking failed for OC[C@H]1OC2C3[C@@H](CO)OC(O[C@H]4[C@H](O)[C@@H](O)[C@@H](O[C@H]5[C@H](O)[C@@H](O)[C@@H](O[C@H]6[C@H](O)[C@@H](O)[C@@H](O[C@H]7[C@H](O)[C@@H](O)[C@@H](O[C@H]8[C@H](O)[C@@H](O)[C@@H](O[C@H]9[C@H](O)[C@@H](O)C(OC1[C@H](O)[C@H]2O)O[C@@H]9CO)O[C@@H]8CO)O[C@@H]7CO)O[C@@H]6CO)O[C@@H]5CO)O[C@@H]4CO)[C@H](O)[C@H]3O
Time taken (s): 235.1909384727478
Chunk number: 79
Time taken (s): 328.5489854812622
Chunk number: 80
Docking failed for CCCCc1nc(Cl)c(CO)n1Cc1ccc(-c2ccccc2-c2nnn[nH]2)cc1
Time taken (s): 129.7656512260437
Chunk number: 81
Docking failed for Cn1c(=O)c2c(ncn2C)n(C)c1=O
Time taken (s): 1092.2321515083313
Chunk number: 82
Docking failed for OC[C@H]1O[C@@H]2O[C@H]3[C@H](O)[C@@H](O)[C@@H](O[C@H]4[C@H](O)[C@@H](O)[C@@H](O[C@H]5[C@H](O)[C@@H](O)[C@@H](O[C@H]6[C@H](O)[C@@H](O)[C@@H](O[C@H]7[C@H](O)[C@@H](O)[C@@H](O[C@H]1[C@H](O)[C@H]2O)O[C@@H]7CO)O[C@@H]6CO)O[C@@H]5CO)O[C@@H]4CO)O[C@@H]3CO
Time taken (s): 185.1326687335968
Chunk number: 83
Docking failed for O=C(O)P(=O)(O)O
Time taken (s): 988.803923368454
Chunk number: 84
Time taken (s): 127.30437421798706
Chunk number: 85
Time taken (s): 313.5518727302551
Chunk number: 86
Time taken (s): 117.4547791481018
Chunk number: 87
Time taken (s): 103.48928833007812
Chunk number: 88
Time taken (s): 103.1339464187622
Chunk number: 89
Docking failed for NC(CO)(CO)CO
Time taken (s): 232.1955440044403
Chunk number: 90
Time taken (s): 1516.2273802757263
Chunk number: 91
Time taken (s): 478.12799549102783
Chunk number: 92
Time taken (s): 548.8944461345673
Chunk number: 93
Docking failed for COC1=C(OC)C(=O)C(CCCCCCCCCCO)=C(C)C1=O
Time taken (s): 555.7724120616913
Chunk number: 94
Docking failed for CSCC[C@H](NC(=O)[C@H](CC(C)C)NC(=O)[C@H](CC(C)C)NC(=O)[C@@H]1CCCN1C(=O)[C@@H](N)Cc1cnc[nH]1)C(=O)N[C@@H](CCCNC(=N)N)C(=O)N[C@@H](CC(C)C)C(=O)N[C@@H](CC(C)C)C(=O)N[C@@H](Cc1cnc[nH]1)C(=O)N[C@@H](Cc1cnc[nH]1)C(=O)N1CCC[C@H]1C(=O)N[C@@H](CO)C(N)=O
Time taken (s): 910.3149783611298
Chunk number: 95
Time taken (s): 854.8029007911682
Chunk number: 96
Docking failed for CSCC[C@H](NC(=O)[C@H](CC(C)C)NC(=O)[C@H](CC(C)C)NC(=O)[C@@H]1CCCN1C(=O)[C@@H](N)Cc1cnc[nH]1)C(=O)N[C@@H](CCCNC(=N)N)C(=O)N[C@@H](CC(C)C)C(=O)N[C@@H](CC(C)C)C(=O)N[C@@H](CC(C)C)C(=O)N[C@@H](CO)C(=O)N1CCC[C@H]1C(N)=O
Time taken (s): 1876.287204027176
Chunk number: 97
Time taken (s): 1048.6060059070587
Total time taken (s): 34281.193259477615
   molecule_chembl_id  ...   score
0       CHEMBL1801012  ...  -9.188
1         CHEMBL92401  ...  -6.138
2          CHEMBL1113  ...  -7.346
3           CHEMBL531  ...  -8.434
4        CHEMBL388590  ...  -8.220
..                ...  ...     ...
2       CHEMBL3589359  ...  -8.530
3       CHEMBL4870760  ...  -9.172
4       CHEMBL4855392  ...  -9.277
5       CHEMBL4862515  ...  -8.723
6       CHEMBL5085606  ... -12.461

[1365 rows x 3347 columns]
Shape before filtering NaN values: (1365, 3347)
Shape after filtering NaN values: (1330, 3347)
