Re-scoring docking for docked_1.sdf
Re-scoring docking for docked_2.sdf
Re-scoring docking for docked_3.sdf
Re-scoring docking for docked_4.sdf
Re-scoring docking for docked_5.sdf
Re-scoring docking for docked_6.sdf
Re-scoring docking for docked_7.sdf
Re-scoring docking for docked_8.sdf
Re-scoring docking for docked_9.sdf
Re-scoring docking for docked_10.sdf
Re-scoring docking for docked_11.sdf
Re-scoring docking for docked_12.sdf
Re-scoring docking for docked_13.sdf
Re-scoring docking for docked_14.sdf
Re-scoring docking for docked_15.sdf
Re-scoring docking for docked_16.sdf
Re-scoring docking for docked_17.sdf
Re-scoring docking for docked_18.sdf
Re-scoring docking for docked_19.sdf
Re-scoring docking for docked_20.sdf
Re-scoring docking for docked_21.sdf
Re-scoring docking for docked_22.sdf
Re-scoring docking for docked_23.sdf
Re-scoring docking for docked_24.sdf
Re-scoring docking for docked_25.sdf
Re-scoring docking for docked_26.sdf
Re-scoring docking for docked_27.sdf
Re-scoring docking for docked_28.sdf
Re-scoring docking for docked_29.sdf
Re-scoring docking for docked_30.sdf
Re-scoring docking for docked_31.sdf
Re-scoring docking for docked_32.sdf
Re-scoring docking for docked_33.sdf
Re-scoring docking for docked_34.sdf
Re-scoring docking for docked_35.sdf
Re-scoring docking for docked_36.sdf
Re-scoring docking for docked_37.sdf
Re-scoring docking for docked_38.sdf
Re-scoring docking for docked_39.sdf
Re-scoring docking for docked_40.sdf
Re-scoring docking for docked_41.sdf
Re-scoring docking for docked_42.sdf
Re-scoring docking for docked_43.sdf
Re-scoring docking for docked_44.sdf
Re-scoring docking for docked_45.sdf
Re-scoring docking for docked_46.sdf
Re-scoring docking for docked_47.sdf
Re-scoring docking for docked_48.sdf
Re-scoring docking for docked_49.sdf
Re-scoring docking for docked_50.sdf
Re-scoring docking for docked_51.sdf
Re-scoring docking for docked_52.sdf
Re-scoring docking for docked_53.sdf
Re-scoring docking for docked_54.sdf
Re-scoring docking for docked_55.sdf
Re-scoring docking for docked_56.sdf
Re-scoring docking for docked_57.sdf
Re-scoring docking for docked_58.sdf
Re-scoring docking for docked_59.sdf
Re-scoring docking for docked_60.sdf
Re-scoring docking for docked_61.sdf
Re-scoring docking for docked_62.sdf
Re-scoring docking for docked_63.sdf
Re-scoring docking for docked_64.sdf
Re-scoring docking for docked_65.sdf
Re-scoring docking for docked_66.sdf
Re-scoring docking for docked_67.sdf
Re-scoring docking for docked_68.sdf
Re-scoring docking for docked_69.sdf
Re-scoring docking for docked_70.sdf
Re-scoring docking for docked_71.sdf
Re-scoring docking for docked_72.sdf
Re-scoring docking for docked_73.sdf
Re-scoring docking for docked_74.sdf
Re-scoring docking for docked_75.sdf
Re-scoring docking for docked_76.sdf
Re-scoring docking for docked_77.sdf
Re-scoring docking for docked_78.sdf
Re-scoring docking for docked_79.sdf
Re-scoring docking for docked_80.sdf
Re-scoring docking for docked_81.sdf
Re-scoring docking for docked_82.sdf
Re-scoring docking for docked_83.sdf
Re-scoring docking for docked_84.sdf
Re-scoring docking for docked_85.sdf
Re-scoring docking for docked_86.sdf
Re-scoring docking for docked_87.sdf
Re-scoring docking for docked_88.sdf
Re-scoring docking for docked_89.sdf
Re-scoring docking for docked_90.sdf
Re-scoring docking for docked_91.sdf
Re-scoring docking for docked_92.sdf
Re-scoring docking for docked_93.sdf
Re-scoring docking for docked_94.sdf
Re-scoring docking for docked_95.sdf
Re-scoring docking for docked_96.sdf
Re-scoring docking for docked_97.sdf
Re-scoring docking for docked_98.sdf
Re-scoring docking for docked_99.sdf
Re-scoring docking for docked_100.sdf
Re-scoring docking for docked_101.sdf
Re-scoring docking for docked_102.sdf
Re-scoring docking for docked_103.sdf
Re-scoring docking for docked_104.sdf
Re-scoring docking for docked_105.sdf
Re-scoring docking for docked_106.sdf
Re-scoring docking for docked_107.sdf
Re-scoring docking for docked_108.sdf
Re-scoring docking for docked_109.sdf
Re-scoring docking for docked_110.sdf
Re-scoring docking for docked_111.sdf
Re-scoring docking for docked_112.sdf
Re-scoring docking for docked_113.sdf
Re-scoring docking for docked_114.sdf
Re-scoring docking for docked_115.sdf
Re-scoring docking for docked_116.sdf
Re-scoring docking for docked_117.sdf
Re-scoring docking for docked_118.sdf
Re-scoring docking for docked_119.sdf
Re-scoring docking for docked_120.sdf
Re-scoring docking for docked_121.sdf
Re-scoring docking for docked_122.sdf
Re-scoring docking for docked_123.sdf
Re-scoring docking for docked_124.sdf
Re-scoring docking for docked_125.sdf
Re-scoring docking for docked_126.sdf
Re-scoring docking for docked_127.sdf
Re-scoring docking for docked_128.sdf
Re-scoring docking for docked_129.sdf
Re-scoring docking for docked_130.sdf
Re-scoring docking for docked_131.sdf
Re-scoring docking for docked_132.sdf
Re-scoring docking for docked_133.sdf
Re-scoring docking for docked_134.sdf
Re-scoring docking for docked_135.sdf
Re-scoring docking for docked_136.sdf
Re-scoring docking for docked_137.sdf
Re-scoring docking for docked_138.sdf
Re-scoring docking for docked_139.sdf
Re-scoring docking for docked_140.sdf
Re-scoring docking for docked_141.sdf
Re-scoring docking for docked_142.sdf
Re-scoring docking for docked_143.sdf
Re-scoring docking for docked_144.sdf
Re-scoring docking for docked_145.sdf
Re-scoring docking for docked_146.sdf
Re-scoring docking for docked_147.sdf
Re-scoring docking for docked_148.sdf
Re-scoring docking for docked_149.sdf
Re-scoring docking for docked_150.sdf
Re-scoring docking for docked_151.sdf
Re-scoring docking for docked_152.sdf
Re-scoring docking for docked_153.sdf
Re-scoring docking for docked_154.sdf
Re-scoring docking for docked_155.sdf
Re-scoring docking for docked_156.sdf
Re-scoring docking for docked_157.sdf
Re-scoring docking for docked_158.sdf
Re-scoring docking for docked_159.sdf
Re-scoring docking for docked_160.sdf
Re-scoring docking for docked_161.sdf
Re-scoring docking for docked_162.sdf
Re-scoring docking for docked_163.sdf
Re-scoring docking for docked_164.sdf
Re-scoring docking for docked_165.sdf
Re-scoring docking for docked_166.sdf
Re-scoring docking for docked_167.sdf
Re-scoring docking for docked_168.sdf
Re-scoring docking for docked_169.sdf
Re-scoring docking for docked_170.sdf
Re-scoring docking for docked_171.sdf
Re-scoring docking for docked_172.sdf
Re-scoring docking for docked_173.sdf
Re-scoring docking for docked_174.sdf
Re-scoring docking for docked_175.sdf
Re-scoring docking for docked_176.sdf
Re-scoring docking for docked_177.sdf
Re-scoring docking for docked_178.sdf
Re-scoring docking for docked_179.sdf
Re-scoring docking for docked_180.sdf
Re-scoring docking for docked_181.sdf
Re-scoring docking for docked_182.sdf
Re-scoring docking for docked_183.sdf
Re-scoring docking for docked_184.sdf
Re-scoring docking for docked_185.sdf
Re-scoring docking for docked_186.sdf
Re-scoring docking for docked_187.sdf
Re-scoring docking for docked_188.sdf
Re-scoring docking for docked_189.sdf
Re-scoring docking for docked_190.sdf
Re-scoring docking for docked_191.sdf
Re-scoring docking for docked_192.sdf
Re-scoring docking for docked_193.sdf
Re-scoring docking for docked_194.sdf
Re-scoring docking for docked_195.sdf
Re-scoring docking for docked_196.sdf
Re-scoring docking for docked_197.sdf
Re-scoring docking for docked_198.sdf
Re-scoring docking for docked_199.sdf
Re-scoring docking for docked_200.sdf
Re-scoring docking for docked_201.sdf
Re-scoring docking for docked_202.sdf
Re-scoring docking for docked_203.sdf
Re-scoring docking for docked_204.sdf
Re-scoring docking for docked_205.sdf
Re-scoring docking for docked_206.sdf
Re-scoring docking for docked_207.sdf
Re-scoring docking for docked_208.sdf
Re-scoring docking for docked_209.sdf
Re-scoring docking for docked_210.sdf
Re-scoring docking for docked_211.sdf
Re-scoring docking for docked_212.sdf
Re-scoring docking for docked_213.sdf
Re-scoring docking for docked_214.sdf
Re-scoring docking for docked_215.sdf
Re-scoring docking for docked_216.sdf
Re-scoring docking for docked_217.sdf
Re-scoring docking for docked_218.sdf
Re-scoring docking for docked_219.sdf
Re-scoring docking for docked_220.sdf
Re-scoring docking for docked_221.sdf
Re-scoring docking for docked_222.sdf
Re-scoring docking for docked_223.sdf
Re-scoring docking for docked_224.sdf
Re-scoring docking for docked_225.sdf
Re-scoring docking for docked_226.sdf
Re-scoring docking for docked_227.sdf
Re-scoring docking for docked_228.sdf
Re-scoring docking for docked_229.sdf
Re-scoring docking for docked_230.sdf
Re-scoring docking for docked_231.sdf
Re-scoring docking for docked_232.sdf
Re-scoring docking for docked_233.sdf
Re-scoring docking for docked_234.sdf
Re-scoring docking for docked_235.sdf
Re-scoring docking for docked_236.sdf
Re-scoring docking for docked_237.sdf
Re-scoring docking for docked_238.sdf
Re-scoring docking for docked_239.sdf
Re-scoring docking for docked_240.sdf
Re-scoring docking for docked_241.sdf
Re-scoring docking for docked_242.sdf
Re-scoring docking for docked_243.sdf
Re-scoring docking for docked_244.sdf
Re-scoring docking for docked_245.sdf
Re-scoring docking for docked_246.sdf
Re-scoring docking for docked_247.sdf
Re-scoring docking for docked_248.sdf
Re-scoring docking for docked_249.sdf
Re-scoring docking for docked_250.sdf
Re-scoring docking for docked_251.sdf
Re-scoring docking for docked_252.sdf
Re-scoring docking for docked_253.sdf
Re-scoring docking for docked_254.sdf
Re-scoring docking for docked_255.sdf
Re-scoring docking for docked_256.sdf
Re-scoring docking for docked_257.sdf
Re-scoring docking for docked_258.sdf
Re-scoring docking for docked_259.sdf
Re-scoring docking for docked_260.sdf
Re-scoring docking for docked_261.sdf
Re-scoring docking for docked_262.sdf
Re-scoring docking for docked_263.sdf
Re-scoring docking for docked_264.sdf
Re-scoring docking for docked_265.sdf
Re-scoring docking for docked_266.sdf
Re-scoring docking for docked_267.sdf
Re-scoring docking for docked_268.sdf
Re-scoring docking for docked_269.sdf
Re-scoring docking for docked_270.sdf
Re-scoring docking for docked_271.sdf
Re-scoring docking for docked_272.sdf
Re-scoring docking for docked_273.sdf
Re-scoring docking for docked_274.sdf
Re-scoring docking for docked_275.sdf
Re-scoring docking for docked_276.sdf
Re-scoring docking for docked_277.sdf
Re-scoring docking for docked_278.sdf
Re-scoring docking for docked_279.sdf
Re-scoring docking for docked_280.sdf
Re-scoring docking for docked_281.sdf
Re-scoring docking for docked_282.sdf
Re-scoring docking for docked_283.sdf
Re-scoring docking for docked_284.sdf
Re-scoring docking for docked_285.sdf
Re-scoring docking for docked_286.sdf
Re-scoring docking for docked_287.sdf
Re-scoring docking for docked_288.sdf
Re-scoring docking for docked_289.sdf
Re-scoring docking for docked_290.sdf
Re-scoring docking for docked_291.sdf
Re-scoring docking for docked_292.sdf
Re-scoring docking for docked_293.sdf
Re-scoring docking for docked_294.sdf
Re-scoring docking for docked_295.sdf
Re-scoring docking for docked_296.sdf
Re-scoring docking for docked_297.sdf
Re-scoring docking for docked_298.sdf
Re-scoring docking for docked_299.sdf
Re-scoring docking for docked_300.sdf
Re-scoring docking for docked_301.sdf
Re-scoring docking for docked_302.sdf
Re-scoring docking for docked_303.sdf
Re-scoring docking for docked_304.sdf
Re-scoring docking for docked_305.sdf
Re-scoring docking for docked_306.sdf
Re-scoring docking for docked_307.sdf
Re-scoring docking for docked_308.sdf
Re-scoring docking for docked_309.sdf
Re-scoring docking for docked_310.sdf
Re-scoring docking for docked_311.sdf
Re-scoring docking for docked_312.sdf
Re-scoring docking for docked_313.sdf
Re-scoring docking for docked_314.sdf
Re-scoring docking for docked_315.sdf
Re-scoring docking for docked_316.sdf
Re-scoring docking for docked_317.sdf
Re-scoring docking for docked_318.sdf
Re-scoring docking for docked_319.sdf
Re-scoring docking for docked_320.sdf
Re-scoring docking for docked_321.sdf
Re-scoring docking for docked_322.sdf
Re-scoring docking for docked_323.sdf
Re-scoring docking for docked_324.sdf
Re-scoring docking for docked_325.sdf
Re-scoring docking for docked_326.sdf
Re-scoring docking for docked_327.sdf
Re-scoring docking for docked_328.sdf
Re-scoring docking for docked_329.sdf
Re-scoring docking for docked_330.sdf
Re-scoring docking for docked_331.sdf
Re-scoring docking for docked_332.sdf
Re-scoring docking for docked_333.sdf
Re-scoring docking for docked_334.sdf
Re-scoring docking for docked_335.sdf
Re-scoring docking for docked_336.sdf
Re-scoring docking for docked_337.sdf
Re-scoring docking for docked_338.sdf
Re-scoring docking for docked_339.sdf
Re-scoring docking for docked_340.sdf
Re-scoring docking for docked_341.sdf
Re-scoring docking for docked_342.sdf
Re-scoring docking for docked_343.sdf
Re-scoring docking for docked_344.sdf
Re-scoring docking for docked_345.sdf
Re-scoring docking for docked_346.sdf
Re-scoring docking for docked_347.sdf
Re-scoring docking for docked_348.sdf
Re-scoring docking for docked_349.sdf
Re-scoring docking for docked_350.sdf
Re-scoring docking for docked_351.sdf
Re-scoring docking for docked_352.sdf
Re-scoring docking for docked_353.sdf
Re-scoring docking for docked_354.sdf
Re-scoring docking for docked_355.sdf
Re-scoring docking for docked_356.sdf
Re-scoring docking for docked_357.sdf
Re-scoring docking for docked_358.sdf
Re-scoring docking for docked_359.sdf
Re-scoring docking for docked_360.sdf
Re-scoring docking for docked_361.sdf
Re-scoring docking for docked_362.sdf
Re-scoring docking for docked_363.sdf
Re-scoring docking for docked_364.sdf
Re-scoring docking for docked_365.sdf
Re-scoring docking for docked_366.sdf
Re-scoring docking for docked_367.sdf
Re-scoring docking for docked_368.sdf
Re-scoring docking for docked_369.sdf
Re-scoring docking for docked_370.sdf
Re-scoring docking for docked_371.sdf
Re-scoring docking for docked_372.sdf
Re-scoring docking for docked_373.sdf
Re-scoring docking for docked_374.sdf
Re-scoring docking for docked_375.sdf
Re-scoring docking for docked_376.sdf
Re-scoring docking for docked_377.sdf
Re-scoring docking for docked_378.sdf
Re-scoring docking for docked_379.sdf
Re-scoring docking for docked_380.sdf
Re-scoring docking for docked_381.sdf
Re-scoring docking for docked_382.sdf
Re-scoring docking for docked_383.sdf
Re-scoring docking for docked_384.sdf
Re-scoring docking for docked_385.sdf
Re-scoring docking for docked_386.sdf
Re-scoring docking for docked_387.sdf
Re-scoring docking for docked_388.sdf
Re-scoring docking for docked_389.sdf
Re-scoring docking for docked_390.sdf
Re-scoring docking for docked_391.sdf
Re-scoring docking for docked_392.sdf
Re-scoring docking for docked_393.sdf
Re-scoring docking for docked_394.sdf
Re-scoring docking for docked_395.sdf
Re-scoring docking for docked_396.sdf
Re-scoring docking for docked_397.sdf
Re-scoring docking for docked_398.sdf
Re-scoring docking for docked_399.sdf
Re-scoring docking for docked_400.sdf
Re-scoring docking for docked_401.sdf
Re-scoring docking for docked_402.sdf
Re-scoring docking for docked_403.sdf
Re-scoring docking for docked_404.sdf
Re-scoring docking for docked_405.sdf
Re-scoring docking for docked_406.sdf
Re-scoring docking for docked_407.sdf
Re-scoring docking for docked_408.sdf
Re-scoring docking for docked_409.sdf
Re-scoring docking for docked_410.sdf
Re-scoring docking for docked_411.sdf
Re-scoring docking for docked_412.sdf
Re-scoring docking for docked_413.sdf
Re-scoring docking for docked_414.sdf
Re-scoring docking for docked_415.sdf
Re-scoring docking for docked_416.sdf
Re-scoring docking for docked_417.sdf
Re-scoring docking for docked_418.sdf
Re-scoring docking for docked_419.sdf
Re-scoring docking for docked_420.sdf
Re-scoring docking for docked_421.sdf
Re-scoring docking for docked_422.sdf
Re-scoring docking for docked_423.sdf
Re-scoring docking for docked_424.sdf
Re-scoring docking for docked_425.sdf
Re-scoring docking for docked_426.sdf
Re-scoring docking for docked_427.sdf
Re-scoring docking for docked_428.sdf
Re-scoring docking for docked_429.sdf
Re-scoring docking for docked_430.sdf
Re-scoring docking for docked_431.sdf
Re-scoring docking for docked_432.sdf
Re-scoring docking for docked_433.sdf
Re-scoring docking for docked_434.sdf
Re-scoring docking for docked_435.sdf
Re-scoring docking for docked_436.sdf
Re-scoring docking for docked_437.sdf
Re-scoring docking for docked_438.sdf
Re-scoring docking for docked_439.sdf
Re-scoring docking for docked_440.sdf
Re-scoring docking for docked_441.sdf
Re-scoring docking for docked_442.sdf
Re-scoring docking for docked_443.sdf
Re-scoring docking for docked_444.sdf
Re-scoring docking for docked_445.sdf
Re-scoring docking for docked_446.sdf
Re-scoring docking for docked_447.sdf
Re-scoring docking for docked_448.sdf
Re-scoring docking for docked_449.sdf
Re-scoring docking for docked_450.sdf
Re-scoring docking for docked_451.sdf
Re-scoring docking for docked_452.sdf
Re-scoring docking for docked_453.sdf
Re-scoring docking for docked_454.sdf
Re-scoring docking for docked_455.sdf
Re-scoring docking for docked_456.sdf
Re-scoring docking for docked_457.sdf
Re-scoring docking for docked_458.sdf
Re-scoring docking for docked_459.sdf
Re-scoring docking for docked_460.sdf
Re-scoring docking for docked_461.sdf
Re-scoring docking for docked_462.sdf
Re-scoring docking for docked_463.sdf
Re-scoring docking for docked_464.sdf
Re-scoring docking for docked_465.sdf
Re-scoring docking for docked_466.sdf
Re-scoring docking for docked_467.sdf
Re-scoring docking for docked_468.sdf
Re-scoring docking for docked_469.sdf
Re-scoring docking for docked_470.sdf
Re-scoring docking for docked_471.sdf
Re-scoring docking for docked_472.sdf
Re-scoring docking for docked_473.sdf
Re-scoring docking for docked_474.sdf
Re-scoring docking for docked_475.sdf
Re-scoring docking for docked_476.sdf
Re-scoring docking for docked_477.sdf
Re-scoring docking for docked_478.sdf
Re-scoring docking for docked_479.sdf
Re-scoring docking for docked_480.sdf
Re-scoring docking for docked_481.sdf
Re-scoring docking for docked_482.sdf
Re-scoring docking for docked_483.sdf
Re-scoring docking for docked_484.sdf
Re-scoring docking for docked_485.sdf
Re-scoring docking for docked_486.sdf
Re-scoring docking for docked_487.sdf
Re-scoring docking for docked_488.sdf
Re-scoring docking for docked_489.sdf
Re-scoring docking for docked_490.sdf
Re-scoring docking for docked_491.sdf
Re-scoring docking for docked_492.sdf
Re-scoring docking for docked_493.sdf
Re-scoring docking for docked_494.sdf
Re-scoring docking for docked_495.sdf
Re-scoring docking for docked_496.sdf
Re-scoring docking for docked_497.sdf
Re-scoring docking for docked_498.sdf
Re-scoring docking for docked_499.sdf
Re-scoring docking for docked_500.sdf
Re-scoring docking for docked_501.sdf
Re-scoring docking for docked_502.sdf
Re-scoring docking for docked_503.sdf
Re-scoring docking for docked_504.sdf
Re-scoring docking for docked_505.sdf
Re-scoring docking for docked_506.sdf
Re-scoring docking for docked_507.sdf
Re-scoring docking for docked_508.sdf
Re-scoring docking for docked_509.sdf
Total time taken (s): 4151.67867565155
Shape before adding delta descriptors: (509, 1811)
Shape before filtering NaN values: (509, 1907)
Shape after filtering NaN values: (509, 1907)
Shape after adding delta descriptors: (509, 1907)
