ERROR:root:NaN values in 3D features
ERROR:root:MMFF optimization of ligand failed
ERROR:root:Generation of ligand conformation failed
ERROR:root:Conversion from MOL to PDBQT failed
ERROR:root:NaN values in 3D features
[12:24:02] Explicit valence for atom # 3 O, 3, is greater than permitted
ERROR:root:Cannot read protonated SMILES: C[C@H]1C[O-]C2=C1C(=O)C(=O)c1c2ccc2c1cccc2C
ERROR:root:MMFF optimization of ligand failed
ERROR:root:Conversion from MOL to PDBQT failed
[12:34:12] Explicit valence for atom # 23 N, 4, is greater than permitted
ERROR:root:Cannot read protonated SMILES: CCCCc1nc(c(n1Cc1ccc(cc1)c1ccccc1C1=[N-]N=NN1)CO)Cl
ERROR:root:Could not assign bond orders: No matching found
ERROR:root:Cannot recover original ligand: O=C(c1ccc(F)c(F)c1F)[C@@H](O)c1ccc(F)c(F)c1F (original) != O=C(c1ccc(F)c(F)c1F)C(O)c1ccc(F)c(F)c1F (docked)
[14:27:39] UFFTYPER: Unrecognized charge state for atom: 20
[14:27:39] UFFTYPER: Unrecognized charge state for atom: 20
WARNING:root:Molecule contains charged atom that is not N or O - careful!
[14:27:40] UFFTYPER: Unrecognized charge state for atom: 15
WARNING:root:Molecule contains charged atom that is not N or O - careful!
[14:27:44] UFFTYPER: Unrecognized charge state for atom: 15
[14:39:44] Explicit valence for atom # 20 O, 3, is greater than permitted
ERROR:root:Cannot read protonated SMILES: OCCCCCCCCCCC1=C(C)C(=O)C(=C(C1=O)[O-]C)[O-]C
ERROR:root:NaN values in 3D features
ERROR:root:Could not assign bond orders: No matching found
ERROR:root:NaN values in 3D features
[15:05:58] UFFTYPER: Unrecognized charge state for atom: 1
[15:05:58] UFFTYPER: Unrecognized charge state for atom: 1
WARNING:root:Molecule contains charged atom that is not N or O - careful!
[15:05:59] UFFTYPER: Unrecognized charge state for atom: 24
WARNING:root:Molecule contains charged atom that is not N or O - careful!
[15:06:05] UFFTYPER: Unrecognized charge state for atom: 24
ERROR:root:Generation of ligand conformation failed
ERROR:root:Cannot recover original ligand: O=C(c1cccc(F)c1)[C@@H](O)c1cccc(F)c1 (original) != O=C(c1cccc(F)c1)C(O)c1cccc(F)c1 (docked)
[15:11:57] Explicit valence for atom # 7 O, 3, is greater than permitted
[15:11:58] Explicit valence for atom # 7 O, 3, is greater than permitted
ERROR:root:Cannot read protonated SMILES: CCOC(=O)O[C@H]([O-]C1=C(C(=O)Nc2ccccn2)N(C)S(=O)(=O)c2c1cccc2)C
ERROR:root:Generation of ligand conformation failed
ERROR:root:MMFF optimization of ligand failed
ERROR:root:NaN values in 3D features
ERROR:root:Cannot recover original ligand: COc1ccc(C(=O)[C@@H](O)c2ccc(OC)cc2)cc1 (original) != COc1ccc(C(=O)C(O)c2ccc(OC)cc2)cc1 (docked)
ERROR:root:Conversion from MOL to PDBQT failed
ERROR:root:Generation of ligand conformation failed
ERROR:root:NaN values in 3D features
[15:35:16] Explicit valence for atom # 0 O, 3, is greater than permitted
ERROR:root:Cannot read protonated SMILES: [O-]1C(=C2[C@@H](CC[P@@]1(=O)OC)COC2=O)C
[15:38:41] Explicit valence for atom # 0 O, 3, is greater than permitted
ERROR:root:Cannot read protonated SMILES: [O-]1C(=C2[C@@H](CO[P@@]1(=O)OC)COC2=O)C
ERROR:root:NaN values in 3D features
WARNING:root:Molecule contains charged atom that is not N or O - careful!
[15:47:00] UFFTYPER: Unrecognized charge state for atom: 1
ERROR:root:Cannot recover original ligand: O=C(c1cc(F)cc(F)c1F)[C@@H](O)c1cc(F)cc(F)c1F (original) != O=C(c1cc(F)cc(F)c1F)C(O)c1cc(F)cc(F)c1F (docked)
[15:48:57] Explicit valence for atom # 3 O, 3, is greater than permitted
ERROR:root:Cannot read protonated SMILES: C[C@H]1C[O-]C2=C1C(=O)C(=O)c1c2ccc2c1CCCC2(C)C
[15:48:57] Explicit valence for atom # 28 N, 4, is greater than permitted
ERROR:root:Cannot read protonated SMILES: CCCCC(=O)N([C@H](C(=O)[O-])C(C)C)Cc1ccc(cc1)c1ccccc1C1=[N-]N=NN1
[15:49:41] UFFTYPER: Unrecognized charge state for atom: 8
[15:49:41] UFFTYPER: Unrecognized charge state for atom: 8
WARNING:root:Molecule contains charged atom that is not N or O - careful!
[15:49:41] UFFTYPER: Unrecognized charge state for atom: 11
WARNING:root:Molecule contains charged atom that is not N or O - careful!
[15:49:48] UFFTYPER: Unrecognized charge state for atom: 11
[15:49:55] UFFTYPER: Unrecognized charge state for atom: 10
[15:49:55] UFFTYPER: Unrecognized charge state for atom: 10
WARNING:root:Molecule contains charged atom that is not N or O - careful!
[15:49:55] UFFTYPER: Unrecognized charge state for atom: 14
WARNING:root:Molecule contains charged atom that is not N or O - careful!
[15:49:59] UFFTYPER: Unrecognized charge state for atom: 14
[15:57:05] Explicit valence for atom # 1 O, 3, is greater than permitted
[15:57:05] Explicit valence for atom # 1 O, 3, is greater than permitted
ERROR:root:Cannot read protonated SMILES: C[O-]C1=CC(=O)O[C@]1(O)C(=C)C
ERROR:root:Cannot recover original ligand: O=C(c1ccc(F)cc1F)[C@@H](O)c1ccc(F)cc1F (original) != O=C(c1ccc(F)cc1F)C(O)c1ccc(F)cc1F (docked)
ERROR:root:Cannot recover original ligand: O=C(c1ccc(F)cc1)[C@@H](O)c1ccc(F)cc1 (original) != O=C(c1ccc(F)cc1)C(O)c1ccc(F)cc1 (docked)
WARNING:root:Molecule contains charged atom that is not N or O - careful!
[16:05:03] UFFTYPER: Unrecognized charge state for atom: 39
ERROR:root:Generation of ligand conformation failed
ERROR:root:Cannot recover original ligand: O=C(c1cc(F)cc(F)c1)[C@@H](O)c1cc(F)cc(F)c1 (original) != O=C(c1cc(F)cc(F)c1)C(O)c1cc(F)cc(F)c1 (docked)
ERROR:root:MMFF optimization of ligand failed
[16:41:56] UFFTYPER: Unrecognized charge state for atom: 5
[16:41:56] UFFTYPER: Unrecognized charge state for atom: 5
WARNING:root:Molecule contains charged atom that is not N or O - careful!
[16:41:56] UFFTYPER: Unrecognized charge state for atom: 15
WARNING:root:Molecule contains charged atom that is not N or O - careful!
[16:42:04] UFFTYPER: Unrecognized charge state for atom: 15
[16:55:10] UFFTYPER: Unrecognized charge state for atom: 8
[16:55:10] UFFTYPER: Unrecognized charge state for atom: 8
WARNING:root:Molecule contains charged atom that is not N or O - careful!
[16:55:10] UFFTYPER: Unrecognized charge state for atom: 11
WARNING:root:Molecule contains charged atom that is not N or O - careful!
[16:55:18] UFFTYPER: Unrecognized charge state for atom: 11
ERROR:root:NaN values in 3D features
[17:05:59] Explicit valence for atom # 1 O, 3, is greater than permitted
ERROR:root:Cannot read protonated SMILES: C[O-]C1=CC(=O)C[C@H]([C@@]21Oc1c(C2=O)c(OC)cc(c1Cl)OC)C
ERROR:root:Cannot recover original ligand: O=C(c1cc(F)ccc1F)[C@@H](O)c1cc(F)ccc1F (original) != O=C(c1cc(F)ccc1F)C(O)c1cc(F)ccc1F (docked)
ERROR:root:Could not assign bond orders: No matching found
WARNING:root:Molecule contains charged atom that is not N or O - careful!
[17:35:05] UFFTYPER: Unrecognized charge state for atom: 1
[17:44:57] UFFTYPER: Unrecognized charge state for atom: 4
[17:44:57] UFFTYPER: Unrecognized charge state for atom: 4
WARNING:root:Molecule contains charged atom that is not N or O - careful!
[17:44:57] UFFTYPER: Unrecognized charge state for atom: 4
WARNING:root:Molecule contains charged atom that is not N or O - careful!
[17:45:01] UFFTYPER: Unrecognized charge state for atom: 4
ERROR:root:Could not assign bond orders: No matching found
[17:55:48] UFFTYPER: Unrecognized charge state for atom: 14
[17:55:48] UFFTYPER: Unrecognized charge state for atom: 14
WARNING:root:Molecule contains charged atom that is not N or O - careful!
[17:55:48] UFFTYPER: Unrecognized charge state for atom: 1
WARNING:root:Molecule contains charged atom that is not N or O - careful!
[17:55:58] UFFTYPER: Unrecognized charge state for atom: 1
[18:00:26] Explicit valence for atom # 22 N, 4, is greater than permitted
ERROR:root:Cannot read protonated SMILES: CCOc1nc2c(n1Cc1ccc(cc1)c1ccccc1C1=[N-]N=NN1)c(ccc2)C(=O)[O-]
ERROR:root:MMFF optimization of ligand failed
[22:23:16] UFFTYPER: Unrecognized charge state for atom: 12
[22:23:16] UFFTYPER: Unrecognized charge state for atom: 12
WARNING:root:Molecule contains charged atom that is not N or O - careful!
[22:23:16] UFFTYPER: Unrecognized charge state for atom: 14
WARNING:root:Molecule contains charged atom that is not N or O - careful!
[22:23:23] UFFTYPER: Unrecognized charge state for atom: 14
ERROR:root:MMFF optimization of ligand failed
[22:47:50] Explicit valence for atom # 0 O, 3, is greater than permitted
ERROR:root:Cannot read protonated SMILES: [O-]1C(=C2[C@@H](CC[P@]1(=O)OC)COC2=O)C
[22:47:50] Explicit valence for atom # 7 O, 3, is greater than permitted
[22:47:50] Explicit valence for atom # 7 O, 3, is greater than permitted
ERROR:root:Cannot read protonated SMILES: COC(=O)C1=C(C)[O-][P@](=O)(CCC1)OC
[22:48:18] Explicit valence for atom # 7 O, 3, is greater than permitted
[22:48:18] Explicit valence for atom # 7 O, 3, is greater than permitted
ERROR:root:Cannot read protonated SMILES: COC(=O)C1=C(C)[O-][P@](=O)(CC1)OC
ERROR:root:Could not assign bond orders: No matching found
ERROR:root:Generation of ligand conformation failed
ERROR:root:Generation of ligand conformation failed
ERROR:root:MMFF optimization of ligand failed
[23:28:09] Explicit valence for atom # 24 N, 4, is greater than permitted
ERROR:root:Cannot read protonated SMILES: CCCCC1=[NH+]C2(C(=O)N1Cc1ccc(cc1)c1ccccc1C1=[N-]N=NN1)CCCC2
ERROR:root:Could not assign bond orders: No matching found
