DataFrame shape: (1574, 2434)
Computing RDKit 3D features and docking scores ...
Chunk number: 0
Time taken (s): 109.10644674301147
Chunk number: 1
Docking failed for O=C1C(=O)c2cccc3cccc1c23
Docking failed for CCN(CCCCCC(=O)N(C)CCCCCCCCN(C)C(=O)CCCCCN(CC)Cc1ccccc1OC)Cc1ccccc1OC
Time taken (s): 121.71295976638794
Chunk number: 2
Docking failed for C[C@@H]1CC[C@H]2[C@@H](C)C(=O)O[C@@H]3O[C@]4(C)CC[C@@H]1[C@]32OO4
Time taken (s): 86.88500475883484
Chunk number: 3
Time taken (s): 271.7524127960205
Chunk number: 4
Time taken (s): 163.257000207901
Chunk number: 5
Time taken (s): 173.54374146461487
Chunk number: 6
Time taken (s): 263.763267993927
Chunk number: 7
Docking failed for CC(C)(C)[Si](C)(C)O[C@H]1C=C2CCN3Cc4cc5c(cc4[C@H]([C@@H]1OC(=O)c1ccccc1)[C@@H]23)OCO5
Docking failed for COc1cccc2c1NC(=O)C2=O
Docking failed for Cc1cccc2c3c(ccc12)C1=C(C(=O)C3=O)[C@@H](C)CO1
Time taken (s): 64.79531836509705
Chunk number: 8
Docking failed for C[C@@H](O)[C@H](CO)NC(=O)[C@@H]1CSSC[C@H](NC(=O)[C@H](N)Cc2ccccc2)C(=O)N[C@@H](Cc2ccccc2)C(=O)N[C@H](Cc2c[nH]c3ccccc23)C(=O)N[C@@H](CCCCN)C(=O)N[C@@H]([C@@H](C)O)C(=O)N1
Time taken (s): 174.18430757522583
Chunk number: 9
Docking failed for CC(C)(C)[Si](C)(C)O[C@H]1C=C2CCN3Cc4cc5c(cc4[C@H]([C@@H]1O)[C@@H]23)OCO5
Time taken (s): 175.28911542892456
Chunk number: 10
Docking failed for CCCCc1nc(Cl)c(CO)n1Cc1ccc(-c2ccccc2-c2nnn[nH]2)cc1
Time taken (s): 265.09480714797974
Chunk number: 11
Docking failed for OC[C@H]1OC2C3[C@@H](CO)OC(O[C@H]4[C@H](O)[C@@H](O)[C@@H](O[C@H]5[C@H](O)[C@@H](O)[C@@H](O[C@H]6[C@H](O)[C@@H](O)[C@@H](O[C@H]7[C@H](O)[C@@H](O)[C@@H](O[C@H]8[C@H](O)[C@@H](O)[C@@H](O[C@H]9[C@H](O)[C@@H](O)C(OC1[C@H](O)[C@H]2O)O[C@@H]9CO)O[C@@H]8CO)O[C@@H]7CO)O[C@@H]6CO)O[C@@H]5CO)O[C@@H]4CO)[C@H](O)[C@H]3O
Time taken (s): 5824.635028600693
Chunk number: 12
Time taken (s): 523.4566175937653
Chunk number: 13
Docking failed for O=C(c1ccc(F)c(F)c1F)C(O)c1ccc(F)c(F)c1F
Time taken (s): 172.12108778953552
Chunk number: 14
Time taken (s): 214.4500527381897
Chunk number: 15
Time taken (s): 183.75293231010437
Chunk number: 16
Time taken (s): 201.14445304870605
Chunk number: 17
Time taken (s): 150.10209584236145
Chunk number: 18
Time taken (s): 212.6727979183197
Chunk number: 19
Docking failed for COC1=C(OC)C(=O)C(CCCCCCCCCCO)=C(C)C1=O
Time taken (s): 121.44482612609863
Chunk number: 20
Docking failed for NC(CO)(CO)CO
Time taken (s): 130.26279735565186
Chunk number: 21
Time taken (s): 122.75297856330872
Chunk number: 22
Time taken (s): 227.43704795837402
Chunk number: 23
Docking failed for OC[C@H]1O[C@@H]2O[C@H]3[C@H](O)[C@@H](O)[C@@H](O[C@H]4[C@H](O)[C@@H](O)[C@@H](O[C@H]5[C@H](O)[C@@H](O)[C@@H](O[C@H]6[C@H](O)[C@@H](O)[C@@H](O[C@H]7[C@H](O)[C@@H](O)[C@@H](O[C@H]8[C@H](O)[C@@H](O)[C@@H](O[C@H]1[C@H](O)[C@H]2O)O[C@@H]8CO)O[C@@H]7CO)O[C@@H]6CO)O[C@@H]5CO)O[C@@H]4CO)O[C@@H]3CO
Time taken (s): 208.91031074523926
Chunk number: 24
Time taken (s): 277.92262029647827
Chunk number: 25
Time taken (s): 234.61248922348022
Chunk number: 26
Docking failed for Cc1ncc([N+](=O)[O-])n1CC(C)O
Time taken (s): 120.04459834098816
Chunk number: 27
Time taken (s): 118.97232604026794
Chunk number: 28
Time taken (s): 133.36198782920837
Chunk number: 29
Docking failed for O=C(OC[C@H]1O[C@@H](OC(=O)c2cc(O)c(O)c(OC(=O)c3cc(O)c(O)c(O)c3)c2)[C@H](OC(=O)c2cc(O)c(O)c(OC(=O)c3cc(O)c(O)c(O)c3)c2)[C@@H](OC(=O)c2cc(O)c(O)c(OC(=O)c3cc(O)c(O)c(O)c3)c2)[C@@H]1OC(=O)c1cc(O)c(O)c(OC(=O)c2cc(O)c(O)c(O)c2)c1)c1cc(O)c(O)c(OC(=O)c2cc(O)c(O)c(O)c2)c1
Time taken (s): 100.46139764785767
Chunk number: 30
Docking failed for O=C(c1cccc(F)c1)C(O)c1cccc(F)c1
Time taken (s): 181.84906578063965
Chunk number: 31
Docking failed for CCOC(=O)OC(C)OC1=C(C(=O)Nc2ccccn2)N(C)S(=O)(=O)c2ccccc21
Docking failed for CC[C@H]1[C@@H]2C[C@H]3[C@@H]4N(C)c5ccccc5[C@]45C[C@@H]([C@@H]2[C@H]5O)N3[C@@H]1O
Time taken (s): 202.07322716712952
Chunk number: 32
Time taken (s): 109.96598696708679
Chunk number: 33
Time taken (s): 115.61407542228699
Chunk number: 34
Docking failed for CC[C@H](C)[C@H](N)C1=N[C@H](C(=O)N[C@@H](CC(C)C)C(=O)N[C@H](CCC(=O)O)C(=O)N[C@H](C(=O)N[C@H]2CCCCNC(=O)[C@H](CC(N)=O)NC(=O)[C@@H](CC(=O)O)NC(=O)[C@H](Cc3cnc[nH]3)NC(=O)[C@@H](Cc3ccccc3)NC(=O)[C@H]([C@@H](C)CC)NC(=O)[C@@H](CCCN)NC2=O)[C@@H](C)CC)CS1
Docking failed for NC(=O)CN1CCCC1=O
Time taken (s): 154.0689821243286
Chunk number: 35
Docking failed for COc1ccc(C(=O)C(O)c2ccc(OC)cc2)cc1
Time taken (s): 156.9970679283142
Chunk number: 36
Docking failed for CC(=O)O[C@H]1[C@H]2c3cc4c(cc3CN3CCC(=C[C@@H]1O[Si](C)(C)C(C)(C)C)[C@H]23)OCO4
Time taken (s): 191.00176787376404
Chunk number: 37
Docking failed for CC1(C)[C@@H]2CC[C@]1(C)C(=O)C2=O
Time taken (s): 136.9634952545166
Chunk number: 38
Time taken (s): 191.83276104927063
Chunk number: 39
Docking failed for O=C1C(=O)c2ccc([N+](=O)[O-])c3c([N+](=O)[O-])ccc1c23
Time taken (s): 112.83777475357056
Chunk number: 40
Docking failed for CO[P@]1(=O)CC[C@H]2COC(=O)C2=C(C)O1
Time taken (s): 152.81282830238342
Chunk number: 41
Docking failed for CO[P@]1(=O)OC[C@H]2COC(=O)C2=C(C)O1
Time taken (s): 120.63172769546509
Chunk number: 42
Docking failed for CC(C)(S)[C@@H](N)C(=O)O
Time taken (s): 134.1291642189026
Chunk number: 43
Time taken (s): 274.36349391937256
Chunk number: 44
Time taken (s): 146.91873979568481
Chunk number: 45
Docking failed for O=C(c1cc(F)cc(F)c1F)C(O)c1cc(F)cc(F)c1F
Docking failed for C[C@H]1COC2=C1C(=O)C(=O)c1c2ccc2c1CCCC2(C)C
Docking failed for CCCCC(=O)N(Cc1ccc(-c2ccccc2-c2nnn[nH]2)cc1)[C@H](C(=O)O)C(C)C
Time taken (s): 162.12943053245544
Chunk number: 46
Time taken (s): 204.67772269248962
Chunk number: 47
Docking failed for C=C(C)C1(O)OC(=O)C=C1OC
Docking failed for O=C(c1ccc(F)cc1F)C(O)c1ccc(F)cc1F
Docking failed for O=C(c1ccc(F)cc1)C(O)c1ccc(F)cc1
Time taken (s): 257.3084647655487
Chunk number: 48
Time taken (s): 273.1045866012573
Chunk number: 49
Docking failed for Cc1c(N)nc([C@H](CC(N)=O)NC[C@H](N)C(N)=O)nc1C(=O)N[C@H](C(=O)N[C@H](C)[C@@H](O)[C@H](C)C(=O)N[C@H](C(=O)NCCc1nc(-c2nc(C(=O)NCCC[S+](C)C)cs2)cs1)[C@@H](C)O)[C@@H](O[C@@H]1O[C@@H](CO)[C@@H](O)[C@H](O)[C@@H]1O[C@H]1O[C@H](CO)[C@@H](O)[C@H](OC(N)=O)[C@@H]1O)c1c[nH]cn1
Docking failed for O=C(c1cc(F)cc(F)c1)C(O)c1cc(F)cc(F)c1
Time taken (s): 177.98300194740295
Chunk number: 50
Time taken (s): 317.7875323295593
Chunk number: 51
Time taken (s): 269.66438579559326
Chunk number: 52
Time taken (s): 545.7920787334442
Chunk number: 53
Docking failed for O=C(CC[C@H](NC(=O)CNC(=O)OCc1ccccc1)C(=O)N[C@@H](Cc1ccccc1)C(=O)OCc1ccccc1)NCC(=O)Nc1cccc2c(NCCCCCCCCNc3c4c(nc5ccccc35)CCCC4)c3c(nc12)CCCC3
Time taken (s): 181.30139112472534
Chunk number: 54
Time taken (s): 629.309577703476
Chunk number: 55
Time taken (s): 118.29243040084839
Chunk number: 56
Time taken (s): 297.73087882995605
Chunk number: 57
Time taken (s): 126.02896857261658
Chunk number: 58
Time taken (s): 352.39568305015564
Chunk number: 59
Docking failed for Cn1c(=O)c2c(ncn2C)n(C)c1=O
Time taken (s): 110.46497797966003
Chunk number: 60
Time taken (s): 329.84270572662354
Chunk number: 61
Time taken (s): 218.39996600151062
Chunk number: 62
Docking failed for COC1=CC(=O)C[C@@H](C)[C@]12Oc1c(Cl)c(OC)cc(OC)c1C2=O
Time taken (s): 172.9444808959961
Chunk number: 63
Time taken (s): 208.25085306167603
Chunk number: 64
Time taken (s): 178.53564763069153
Chunk number: 65
Time taken (s): 128.82543325424194
Chunk number: 66
Docking failed for O=C(c1cc(F)ccc1F)C(O)c1cc(F)ccc1F
Docking failed for OC[C@H]1O[C@@H]2O[C@H]3[C@H](O)[C@@H](O)[C@@H](O[C@H]4[C@H](O)[C@@H](O)[C@@H](O[C@H]5[C@H](O)[C@@H](O)[C@@H](O[C@H]6[C@H](O)[C@@H](O)[C@@H](O[C@H]7[C@H](O)[C@@H](O)[C@@H](O[C@H]1[C@H](O)[C@H]2O)O[C@@H]7CO)O[C@@H]6CO)O[C@@H]5CO)O[C@@H]4CO)O[C@@H]3CO
Time taken (s): 767.6756525039673
Chunk number: 67
Time taken (s): 284.50517439842224
Chunk number: 68
Time taken (s): 405.48591113090515
Chunk number: 69
Time taken (s): 121.77020907402039
Chunk number: 70
Time taken (s): 206.59610724449158
Chunk number: 71
Docking failed for CC(=N)S
Time taken (s): 268.8207428455353
Chunk number: 72
Time taken (s): 166.46352243423462
Chunk number: 73
Time taken (s): 223.28188300132751
Chunk number: 74
Docking failed for CCOc1nc2cccc(C(=O)O)c2n1Cc1ccc(-c2ccccc2-c2nnn[nH]2)cc1
Time taken (s): 210.03248476982117
Chunk number: 75
Docking failed for CC(O)COC[C@H]1O[C@@H]2O[C@H]3[C@H](O)[C@@H](O)[C@@H](O[C@H]4[C@H](O)[C@@H](O)[C@@H](O[C@H]5[C@H](O)[C@@H](O)[C@@H](O[C@H]6[C@H](O)[C@@H](O)[C@@H](O[C@H]7[C@H](O)[C@@H](O)[C@@H](O[C@H]8[C@H](O)[C@@H](O)[C@@H](O[C@H]1[C@H](O)[C@H]2O)O[C@@H]8COCC(C)O)O[C@@H]7COCC(C)O)O[C@@H]6COCC(C)O)O[C@@H]5COCC(C)O)O[C@@H]4COCC(C)O)O[C@@H]3COCC(C)O
Time taken (s): 15723.24267077446
Chunk number: 76
Time taken (s): 911.040317773819
Chunk number: 77
Time taken (s): 153.5779755115509
Chunk number: 78
Time taken (s): 214.13982701301575
Chunk number: 79
Docking failed for CCN(CCCCCC(=O)N(C)CCCCCCCCN(C)C(=O)CCCCCN(CC)Cc1ccccc1OC)Cc1ccccc1OC
Time taken (s): 97.28662705421448
Chunk number: 80
Time taken (s): 118.99474787712097
Chunk number: 81
Docking failed for CO[P@@]1(=O)CC[C@H]2COC(=O)C2=C(C)O1
Docking failed for COC(=O)C1=C(C)OP(=O)(OC)CCC1
Docking failed for COC(=O)C1=C(C)OP(=O)(OC)CC1
Time taken (s): 56.03042721748352
Chunk number: 82
Docking failed for O=C(O)P(=O)(O)O
Time taken (s): 185.3479518890381
Chunk number: 83
Time taken (s): 140.5295102596283
Chunk number: 84
Time taken (s): 90.9197850227356
Chunk number: 85
Docking failed for C/C=C1\[C@H]2C=C(C)C[C@@]1(N)c1ccc(=O)[nH]c1C2
Time taken (s): 354.93123626708984
Chunk number: 86
Docking failed for C[N+]1(C)[C@H]2C[C@H](OC(=O)[C@H](CO)c3ccccc3)C[C@H]1[C@H]1O[C@H]12
Time taken (s): 297.04014778137207
Chunk number: 87
Docking failed for CN(CCCCNc1c2c(nc3ccccc13)CCCC2)CCCNc1c2c(nc3c(NC(=O)CNC(=O)CC[C@H](NC(=O)CNC(=O)OCc4ccccc4)C(=O)N[C@@H](Cc4ccccc4)C(=O)OCc4ccccc4)cccc13)CCCC2
Time taken (s): 496.3012149333954
Chunk number: 88
Docking failed for CCCCC1=NC2(CCCC2)C(=O)N1Cc1ccc(-c2ccccc2-c2nnn[nH]2)cc1
Time taken (s): 924.1256413459778
Chunk number: 89
Time taken (s): 170.1769835948944
Chunk number: 90
Docking failed for O=C(O)CNCP(=O)(O)O
Time taken (s): 122.52688956260681
Chunk number: 91
Time taken (s): 66.08785462379456
Chunk number: 92
Time taken (s): 133.79160165786743
Chunk number: 93
Time taken (s): 227.02402663230896
Chunk number: 94
Time taken (s): 262.9855287075043
Chunk number: 95
Time taken (s): 268.98261284828186
Chunk number: 96
Time taken (s): 198.19736075401306
Chunk number: 97
Time taken (s): 234.1910400390625
Chunk number: 98
Time taken (s): 40.83873653411865
Total time taken (s): 42933.67914891243
   molecule_chembl_id  ...   score
0        CHEMBL282468  ...  -3.558
1         CHEMBL56337  ...  -7.632
2       CHEMBL1909050  ...  -9.380
3         CHEMBL19224  ...  -9.079
4            CHEMBL47  ... -10.264
..                ...  ...     ...
1       CHEMBL5076804  ...  -8.707
2        CHEMBL433041  ...  -9.983
3       CHEMBL5085317  ...  -8.105
4        CHEMBL244416  ... -10.185
5        CHEMBL396199  ...  -9.837

[1574 rows x 3347 columns]
Shape before filtering NaN values: (1574, 3347)
Shape after filtering NaN values: (1520, 3347)
Shape after adding 3D descriptors: (1520, 3347)
